<?xml version="1.0" encoding="UTF-8"?>
<!-- Generated by org.testng.reporters.JUnitXMLReporter -->
<testsuite ignored="0" hostname="COK-M-00031.local" failures="2" tests="3" name="Tatcha Test" time="19.426" errors="0" timestamp="2021-03-16T13:16:22 IST">
  <testcase classname="com.tatcha.TatchaSelWeb.testcases.LoginTest" name="emptypasswrd" time="0.631"/>
  <testcase classname="com.tatcha.TatchaSelWeb.testcases.LoginTest" name="invalpasswrd" time="2.035">
    <failure type="org.openqa.selenium.ElementClickInterceptedException" message="element click intercepted: Element &amp;lt;button data-toggle=&amp;quot;modal&amp;quot; class=&amp;quot;nav-btn nav-link sliding pr-0 login-dropdown gtm-login&amp;quot; data-target=&amp;quot;#loginModal&amp;quot; aria-label=&amp;quot;click here to login&amp;quot;&amp;gt;...&amp;lt;/button&amp;gt; is not clickable at point (1330, 17). Other element would receive the click: &amp;lt;div class=&amp;quot;needsclick Modal__ModalPortalStyled-sc-1oy3zf1-0 cFzKWL klaviyo-form kl-private-reset-css-Xuajs1&amp;quot; formtype=&amp;quot;POPUP&amp;quot; overlaycolor=&amp;quot;rgba(20,20,20,0.6)&amp;quot; modalscale=&amp;quot;1&amp;quot;&amp;gt;...&amp;lt;/div&amp;gt;
  (Session info: chrome=89.0.4389.82)
Build info: version: &amp;apos;3.141.59&amp;apos;, revision: &amp;apos;e82be7d358&amp;apos;, time: &amp;apos;2018-11-14T08:17:03&amp;apos;
System info: host: &amp;apos;COK-M-00031.local&amp;apos;, ip: &amp;apos;2409:4073:38b:400d:f41d:c6cb:35c5:1377%en0&amp;apos;, os.name: &amp;apos;Mac OS X&amp;apos;, os.arch: &amp;apos;x86_64&amp;apos;, os.version: &amp;apos;10.15.7&amp;apos;, java.version: &amp;apos;15.0.1&amp;apos;
Driver info: org.openqa.selenium.chrome.ChromeDriver
Capabilities {acceptInsecureCerts: false, browserName: chrome, browserVersion: 89.0.4389.82, chrome: {chromedriverVersion: 89.0.4389.23 (61b08ee2c5002..., userDataDir: /var/folders/mv/6c_r771x6wz...}, goog:chromeOptions: {debuggerAddress: localhost:62060}, javascriptEnabled: true, networkConnectionEnabled: false, pageLoadStrategy: normal, platform: MAC, platformName: MAC, proxy: Proxy(), setWindowRect: true, strictFileInteractability: false, timeouts: {implicit: 0, pageLoad: 300000, script: 30000}, unhandledPromptBehavior: dismiss and notify, webauthn:extension:largeBlob: true, webauthn:virtualAuthenticators: true}
Session ID: 14868cb55d1526835068bec6a792719c">
      <![CDATA[org.openqa.selenium.ElementClickInterceptedException: element click intercepted: Element <button data-toggle="modal" class="nav-btn nav-link sliding pr-0 login-dropdown gtm-login" data-target="#loginModal" aria-label="click here to login">...</button> is not clickable at point (1330, 17). Other element would receive the click: <div class="needsclick Modal__ModalPortalStyled-sc-1oy3zf1-0 cFzKWL klaviyo-form kl-private-reset-css-Xuajs1" formtype="POPUP" overlaycolor="rgba(20,20,20,0.6)" modalscale="1">...</div>
  (Session info: chrome=89.0.4389.82)
Build info: version: '3.141.59', revision: 'e82be7d358', time: '2018-11-14T08:17:03'
System info: host: 'COK-M-00031.local', ip: '2409:4073:38b:400d:f41d:c6cb:35c5:1377%en0', os.name: 'Mac OS X', os.arch: 'x86_64', os.version: '10.15.7', java.version: '15.0.1'
Driver info: org.openqa.selenium.chrome.ChromeDriver
Capabilities {acceptInsecureCerts: false, browserName: chrome, browserVersion: 89.0.4389.82, chrome: {chromedriverVersion: 89.0.4389.23 (61b08ee2c5002..., userDataDir: /var/folders/mv/6c_r771x6wz...}, goog:chromeOptions: {debuggerAddress: localhost:62060}, javascriptEnabled: true, networkConnectionEnabled: false, pageLoadStrategy: normal, platform: MAC, platformName: MAC, proxy: Proxy(), setWindowRect: true, strictFileInteractability: false, timeouts: {implicit: 0, pageLoad: 300000, script: 30000}, unhandledPromptBehavior: dismiss and notify, webauthn:extension:largeBlob: true, webauthn:virtualAuthenticators: true}
Session ID: 14868cb55d1526835068bec6a792719c
at org.openqa.selenium.remote.http.W3CHttpResponseCodec.createException(W3CHttpResponseCodec.java:187)
at org.openqa.selenium.remote.http.W3CHttpResponseCodec.decode(W3CHttpResponseCodec.java:122)
at org.openqa.selenium.remote.http.W3CHttpResponseCodec.decode(W3CHttpResponseCodec.java:49)
at org.openqa.selenium.remote.HttpCommandExecutor.execute(HttpCommandExecutor.java:158)
at org.openqa.selenium.remote.service.DriverCommandExecutor.execute(DriverCommandExecutor.java:83)
at org.openqa.selenium.remote.RemoteWebDriver.execute(RemoteWebDriver.java:552)
at org.openqa.selenium.remote.RemoteWebElement.execute(RemoteWebElement.java:285)
at org.openqa.selenium.remote.RemoteWebElement.click(RemoteWebElement.java:84)
at org.openqa.selenium.support.events.EventFiringWebDriver$EventFiringWebElement.lambda$new$0(EventFiringWebDriver.java:404)
at com.sun.proxy.$Proxy10.click(Unknown Source)
at org.openqa.selenium.support.events.EventFiringWebDriver$EventFiringWebElement.click(EventFiringWebDriver.java:417)
at com.tatcha.TatchaSelWeb.pages.LoginPage.login(LoginPage.java:15)
at com.tatcha.TatchaSelWeb.testcases.LoginTest.invalpasswrd(LoginTest.java:48)
at java.base/java.util.concurrent.ThreadPoolExecutor.runWorker(ThreadPoolExecutor.java:1130)
at java.base/java.util.concurrent.ThreadPoolExecutor$Worker.run(ThreadPoolExecutor.java:630)
at java.base/java.lang.Thread.run(Thread.java:832)
... Removed 21 stack frames]]>
    </failure>
  </testcase> <!-- invalpasswrd -->
  <testcase classname="com.tatcha.TatchaSelWeb.testcases.LoginTest" name="login" time="2.131">
    <failure type="org.openqa.selenium.ElementClickInterceptedException" message="element click intercepted: Element &amp;lt;button data-toggle=&amp;quot;modal&amp;quot; class=&amp;quot;nav-btn nav-link sliding pr-0 login-dropdown gtm-login&amp;quot; data-target=&amp;quot;#loginModal&amp;quot; aria-label=&amp;quot;click here to login&amp;quot;&amp;gt;...&amp;lt;/button&amp;gt; is not clickable at point (1330, 17). Other element would receive the click: &amp;lt;div class=&amp;quot;modal fade modal-primary modal-display login-modal-container show&amp;quot; id=&amp;quot;loginModal&amp;quot; tabindex=&amp;quot;-1&amp;quot; aria-modal=&amp;quot;true&amp;quot; data-gtm-vis-recent-on-screen-1312270_2844=&amp;quot;5416&amp;quot; data-gtm-vis-first-on-screen-1312270_2844=&amp;quot;5416&amp;quot; data-gtm-vis-total-visible-time-1312270_2844=&amp;quot;100&amp;quot; data-gtm-vis-has-fired-1312270_2844=&amp;quot;1&amp;quot; style=&amp;quot;display: block;&amp;quot;&amp;gt;...&amp;lt;/div&amp;gt;
  (Session info: chrome=89.0.4389.82)
Build info: version: &amp;apos;3.141.59&amp;apos;, revision: &amp;apos;e82be7d358&amp;apos;, time: &amp;apos;2018-11-14T08:17:03&amp;apos;
System info: host: &amp;apos;COK-M-00031.local&amp;apos;, ip: &amp;apos;2409:4073:38b:400d:f41d:c6cb:35c5:1377%en0&amp;apos;, os.name: &amp;apos;Mac OS X&amp;apos;, os.arch: &amp;apos;x86_64&amp;apos;, os.version: &amp;apos;10.15.7&amp;apos;, java.version: &amp;apos;15.0.1&amp;apos;
Driver info: org.openqa.selenium.chrome.ChromeDriver
Capabilities {acceptInsecureCerts: false, browserName: chrome, browserVersion: 89.0.4389.82, chrome: {chromedriverVersion: 89.0.4389.23 (61b08ee2c5002..., userDataDir: /var/folders/mv/6c_r771x6wz...}, goog:chromeOptions: {debuggerAddress: localhost:62060}, javascriptEnabled: true, networkConnectionEnabled: false, pageLoadStrategy: normal, platform: MAC, platformName: MAC, proxy: Proxy(), setWindowRect: true, strictFileInteractability: false, timeouts: {implicit: 0, pageLoad: 300000, script: 30000}, unhandledPromptBehavior: dismiss and notify, webauthn:extension:largeBlob: true, webauthn:virtualAuthenticators: true}
Session ID: 14868cb55d1526835068bec6a792719c">
      <![CDATA[org.openqa.selenium.ElementClickInterceptedException: element click intercepted: Element <button data-toggle="modal" class="nav-btn nav-link sliding pr-0 login-dropdown gtm-login" data-target="#loginModal" aria-label="click here to login">...</button> is not clickable at point (1330, 17). Other element would receive the click: <div class="modal fade modal-primary modal-display login-modal-container show" id="loginModal" tabindex="-1" aria-modal="true" data-gtm-vis-recent-on-screen-1312270_2844="5416" data-gtm-vis-first-on-screen-1312270_2844="5416" data-gtm-vis-total-visible-time-1312270_2844="100" data-gtm-vis-has-fired-1312270_2844="1" style="display: block;">...</div>
  (Session info: chrome=89.0.4389.82)
Build info: version: '3.141.59', revision: 'e82be7d358', time: '2018-11-14T08:17:03'
System info: host: 'COK-M-00031.local', ip: '2409:4073:38b:400d:f41d:c6cb:35c5:1377%en0', os.name: 'Mac OS X', os.arch: 'x86_64', os.version: '10.15.7', java.version: '15.0.1'
Driver info: org.openqa.selenium.chrome.ChromeDriver
Capabilities {acceptInsecureCerts: false, browserName: chrome, browserVersion: 89.0.4389.82, chrome: {chromedriverVersion: 89.0.4389.23 (61b08ee2c5002..., userDataDir: /var/folders/mv/6c_r771x6wz...}, goog:chromeOptions: {debuggerAddress: localhost:62060}, javascriptEnabled: true, networkConnectionEnabled: false, pageLoadStrategy: normal, platform: MAC, platformName: MAC, proxy: Proxy(), setWindowRect: true, strictFileInteractability: false, timeouts: {implicit: 0, pageLoad: 300000, script: 30000}, unhandledPromptBehavior: dismiss and notify, webauthn:extension:largeBlob: true, webauthn:virtualAuthenticators: true}
Session ID: 14868cb55d1526835068bec6a792719c
at org.openqa.selenium.remote.http.W3CHttpResponseCodec.createException(W3CHttpResponseCodec.java:187)
at org.openqa.selenium.remote.http.W3CHttpResponseCodec.decode(W3CHttpResponseCodec.java:122)
at org.openqa.selenium.remote.http.W3CHttpResponseCodec.decode(W3CHttpResponseCodec.java:49)
at org.openqa.selenium.remote.HttpCommandExecutor.execute(HttpCommandExecutor.java:158)
at org.openqa.selenium.remote.service.DriverCommandExecutor.execute(DriverCommandExecutor.java:83)
at org.openqa.selenium.remote.RemoteWebDriver.execute(RemoteWebDriver.java:552)
at org.openqa.selenium.remote.RemoteWebElement.execute(RemoteWebElement.java:285)
at org.openqa.selenium.remote.RemoteWebElement.click(RemoteWebElement.java:84)
at org.openqa.selenium.support.events.EventFiringWebDriver$EventFiringWebElement.lambda$new$0(EventFiringWebDriver.java:404)
at com.sun.proxy.$Proxy10.click(Unknown Source)
at org.openqa.selenium.support.events.EventFiringWebDriver$EventFiringWebElement.click(EventFiringWebDriver.java:417)
at com.tatcha.TatchaSelWeb.pages.LoginPage.login(LoginPage.java:15)
at com.tatcha.TatchaSelWeb.testcases.LoginTest.login(LoginTest.java:33)
at java.base/java.util.concurrent.ThreadPoolExecutor.runWorker(ThreadPoolExecutor.java:1130)
at java.base/java.util.concurrent.ThreadPoolExecutor$Worker.run(ThreadPoolExecutor.java:630)
at java.base/java.lang.Thread.run(Thread.java:832)
... Removed 21 stack frames]]>
    </failure>
  </testcase> <!-- login -->
</testsuite> <!-- Tatcha Test -->
